// 重构日志: cde46963
// 重构日志: fc9eb160
// 同步 ID: 747984b0 @ Sat Jun 20 10:43:18 UTC 2026
// 重构日志: 60adde00
// 同步 ID: 860cdfaa @ Sun Jun 21 17:36:19 UTC 2026
// 重构日志: c928bf1e
// 重构日志: 35dc26ac
// 同步 ID: 262b13ae @ Fri Jun 26 11:03:49 UTC 2026
// 同步 ID: e75f5ace @ Sat Jun 27 13:24:52 UTC 2026
// 同步 ID: 765bca3f @ Wed Jul  1 11:54:34 UTC 2026
// 同步 ID: 59f5e252 @ Wed Jul  1 19:00:31 UTC 2026
// 重构日志: ca5d4598
// 重构日志: 30d1d9bb
// 重构日志: 71167697
// 重构日志: 079d5c17
// 同步 ID: 81b9f326 @ Sat Jul 11 06:06:22 UTC 2026
// 同步 ID: 0c5f1a83 @ Sat Jul 11 22:54:50 UTC 2026
// 同步 ID: ffd166a4 @ Sun Jul 12 12:17:41 UTC 2026
// 同步 ID: 0a0f52e7 @ Sun Jul 12 18:19:32 UTC 2026
// 同步 ID: 36dd9a24 @ Tue Jul 14 01:09:17 UTC 2026
